[I 2026-04-19 10:04:07.674 ServerApp] jupyter_lsp | extension was successfully linked.
[I 2026-04-19 10:04:07.676 ServerApp] jupyter_server_terminals | extension was successfully linked.
[I 2026-04-19 10:04:07.678 ServerApp] jupyterlab | extension was successfully linked.
[I 2026-04-19 10:04:07.680 ServerApp] notebook | extension was successfully linked.
[I 2026-04-19 10:04:07.837 ServerApp] notebook_shim | extension was successfully linked.
[I 2026-04-19 10:04:07.864 ServerApp] notebook_shim | extension was successfully loaded.
[I 2026-04-19 10:04:07.865 ServerApp] jupyter_lsp | extension was successfully loaded.
[I 2026-04-19 10:04:07.866 ServerApp] jupyter_server_terminals | extension was successfully loaded.
[I 2026-04-19 10:04:07.867 LabApp] JupyterLab extension loaded from /Users/moulikpatra/Desktop/BITS Pilani WILP Cloud Computing/Sem 2 Assignments/Introduction to Data Science Assignment/Assignment 1/mobile-price-ml/venv/lib/python3.14/site-packages/jupyterlab
[I 2026-04-19 10:04:07.867 LabApp] JupyterLab application directory is /Users/moulikpatra/Desktop/BITS Pilani WILP Cloud Computing/Sem 2 Assignments/Introduction to Data Science Assignment/Assignment 1/mobile-price-ml/venv/share/jupyter/lab
[I 2026-04-19 10:04:07.868 LabApp] Extension Manager is 'pypi'.
[I 2026-04-19 10:04:07.891 ServerApp] jupyterlab | extension was successfully loaded.
[I 2026-04-19 10:04:07.892 ServerApp] notebook | extension was successfully loaded.
[I 2026-04-19 10:04:07.893 ServerApp] The port 8888 is already in use, trying another port.
[I 2026-04-19 10:04:07.893 ServerApp] The port 8889 is already in use, trying another port.
[I 2026-04-19 10:04:07.893 ServerApp] Serving notebooks from local directory: /Users/moulikpatra/Desktop/BITS Pilani WILP Cloud Computing/Sem 2 Assignments/Introduction to Data Science Assignment/Assignment 1/mobile-price-ml
[I 2026-04-19 10:04:07.893 ServerApp] Jupyter Server 2.17.0 is running at:
[I 2026-04-19 10:04:07.894 ServerApp] http://localhost:8890/tree?token=12f47646cc368e12c23b28c24d059747764e9c87c13309e7
[I 2026-04-19 10:04:07.894 ServerApp]     http://127.0.0.1:8890/tree?token=12f47646cc368e12c23b28c24d059747764e9c87c13309e7
[I 2026-04-19 10:04:07.894 ServerApp] Use Control-C to stop this server and shut down all kernels (twice to skip confirmation).
[C 2026-04-19 10:04:07.895 ServerApp] 
    
    To access the server, open this file in a browser:
        file:/Users/moulikpatra/Library/Jupyter/runtime/jpserver-46130-open.html
    Or copy and paste one of these URLs:
        http://localhost:8890/tree?token=12f47646cc368e12c23b28c24d059747764e9c87c13309e7
        http://127.0.0.1:8890/tree?token=12f47646cc368e12c23b28c24d059747764e9c87c13309e7
[I 2026-04-19 10:04:08.018 ServerApp] Skipped non-installed server(s): basedpyright, bash-language-server, dockerfile-language-server-nodejs, javascript-typescript-langserver, jedi-language-server, julia-language-server, pyrefly, pyright, python-language-server, python-lsp-server, r-languageserver, sql-language-server, texlab, typescript-language-server, unified-language-server, vscode-css-languageserver-bin, vscode-html-languageserver-bin, vscode-json-languageserver-bin, yaml-language-server
